2023-07-09 13:18:54,786 DEBUG   [main] theFirst.RumLauncher - Starting RuM launcher
2023-07-09 13:18:55,166 DEBUG   [JavaFX Application Thread] theFirst.Rum - Starting RuM
2023-07-09 13:18:55,953 DEBUG   [JavaFX Application Thread] controller.common.NavigationSidebarController - Navigation sidebar initialized
2023-07-09 13:18:55,956 DEBUG   [JavaFX Application Thread] controller.common.RootLayoutController - Navigating to page: START
2023-07-09 13:18:56,014 DEBUG   [JavaFX Application Thread] controller.common.StartPageController - Start page initialized
2023-07-09 13:18:56,016 DEBUG   [JavaFX Application Thread] controller.common.RootLayoutController - Loaded page: START
2023-07-09 13:18:56,018 INFO    [JavaFX Application Thread] controller.common.RootLayoutController - Navigated to page: START
2023-07-09 13:18:56,020 DEBUG   [JavaFX Application Thread] controller.common.RootLayoutController - Root layout initialized
2023-07-09 13:18:56,021 DEBUG   [JavaFX Application Thread] theFirst.Rum - Root fxml loaded
2023-07-09 13:18:56,026 DEBUG   [JavaFX Application Thread] theFirst.Rum - Main css loaded
2023-07-09 13:18:56,929 DEBUG   [JavaFX Application Thread] theFirst.Rum - Primary stage ready and showing
2023-07-09 13:18:56,930 INFO    [JavaFX Application Thread] theFirst.Rum - RuM started
2023-07-09 13:19:01,367 INFO    [JavaFX Application Thread] theFirst.Rum - RuM closed
2023-07-09 19:00:00,042 DEBUG   [main] theFirst.RumLauncher - Starting RuM launcher
2023-07-09 19:00:00,495 DEBUG   [JavaFX Application Thread] theFirst.Rum - Starting RuM
2023-07-09 19:00:01,242 DEBUG   [JavaFX Application Thread] controller.common.NavigationSidebarController - Navigation sidebar initialized
2023-07-09 19:00:01,245 DEBUG   [JavaFX Application Thread] controller.common.RootLayoutController - Navigating to page: START
2023-07-09 19:00:01,290 DEBUG   [JavaFX Application Thread] controller.common.StartPageController - Start page initialized
2023-07-09 19:00:01,292 DEBUG   [JavaFX Application Thread] controller.common.RootLayoutController - Loaded page: START
2023-07-09 19:00:01,292 INFO    [JavaFX Application Thread] controller.common.RootLayoutController - Navigated to page: START
2023-07-09 19:00:01,294 DEBUG   [JavaFX Application Thread] controller.common.RootLayoutController - Root layout initialized
2023-07-09 19:00:01,294 DEBUG   [JavaFX Application Thread] theFirst.Rum - Root fxml loaded
2023-07-09 19:00:01,301 DEBUG   [JavaFX Application Thread] theFirst.Rum - Main css loaded
2023-07-09 19:00:02,187 DEBUG   [JavaFX Application Thread] theFirst.Rum - Primary stage ready and showing
2023-07-09 19:00:02,188 INFO    [JavaFX Application Thread] theFirst.Rum - RuM started
2023-07-09 19:00:05,656 INFO    [JavaFX Application Thread] theFirst.Rum - RuM closed
