2023-07-09 13:18:54,786 - Starting RuM launcher
2023-07-09 13:18:55,166 - Starting RuM
2023-07-09 13:18:55,953 - Navigation sidebar initialized
2023-07-09 13:18:55,956 - Navigating to page: START
2023-07-09 13:18:56,014 - Start page initialized
2023-07-09 13:18:56,016 - Loaded page: START
2023-07-09 13:18:56,018 - Navigated to page: START
2023-07-09 13:18:56,020 - Root layout initialized
2023-07-09 13:18:56,021 - Root fxml loaded
2023-07-09 13:18:56,026 - Main css loaded
2023-07-09 13:18:56,929 - Primary stage ready and showing
2023-07-09 13:18:56,930 - RuM started
2023-07-09 13:19:01,367 - RuM closed
2023-07-09 19:00:00,042 - Starting RuM launcher
2023-07-09 19:00:00,495 - Starting RuM
2023-07-09 19:00:01,242 - Navigation sidebar initialized
2023-07-09 19:00:01,245 - Navigating to page: START
2023-07-09 19:00:01,290 - Start page initialized
2023-07-09 19:00:01,292 - Loaded page: START
2023-07-09 19:00:01,292 - Navigated to page: START
2023-07-09 19:00:01,294 - Root layout initialized
2023-07-09 19:00:01,294 - Root fxml loaded
2023-07-09 19:00:01,301 - Main css loaded
2023-07-09 19:00:02,187 - Primary stage ready and showing
2023-07-09 19:00:02,188 - RuM started
2023-07-09 19:00:05,656 - RuM closed
